<?xml version="1.0" encoding="UTF-8"?>
<!-- Generated by org.testng.reporters.JUnitReportReporter -->
<testsuite hostname="DESKTOP-N6BEAMG" failures="0" tests="2" name="hospital.org.HospitalManagementTest" time="1.679" errors="0" timestamp="2025-08-23T15:53:50 IST" skipped="0">
  <testcase classname="hospital.org.HospitalManagementTest" name="testInvalidLoginWithMockDB" time="1.665"/>
  <testcase classname="hospital.org.HospitalManagementTest" name="testValidLoginWithMockDB" time="0.014"/>
</testsuite> <!-- hospital.org.HospitalManagementTest -->
